2025-04-17 16:03:34 [restartedMain] INFO  c.z.R.ReviewProcessorApplication - Starting ReviewProcessorApplication using Java 23.0.1 with PID 24536 (C:\Users\ThirumaleshGajula\Downloads\ReviewProcessor\ReviewProcessor\target\classes started by ThirumaleshGajula in C:\Users\ThirumaleshGajula\Downloads\ReviewProcessor\ReviewProcessor)
2025-04-17 16:03:34 [restartedMain] INFO  c.z.R.ReviewProcessorApplication - No active profile set, falling back to 1 default profile: "default"
2025-04-17 16:03:35 [restartedMain] INFO  o.s.b.d.e.DevToolsPropertyDefaultsPostProcessor - Devtools property defaults active! Set 'spring.devtools.add-properties' to 'false' to disable
2025-04-17 16:03:35 [restartedMain] INFO  o.s.b.d.e.DevToolsPropertyDefaultsPostProcessor - For additional web related logging consider setting the 'logging.level.web' property to 'DEBUG'
2025-04-17 16:03:36 [restartedMain] INFO  o.s.d.r.c.RepositoryConfigurationDelegate - Bootstrapping Spring Data JPA repositories in DEFAULT mode.
2025-04-17 16:03:36 [restartedMain] INFO  o.s.d.r.c.RepositoryConfigurationDelegate - Finished Spring Data repository scanning in 64 ms. Found 1 JPA repository interface.
2025-04-17 16:03:37 [restartedMain] INFO  o.s.b.w.e.tomcat.TomcatWebServer - Tomcat initialized with port 8080 (http)
2025-04-17 16:03:37 [restartedMain] INFO  o.a.coyote.http11.Http11NioProtocol - Initializing ProtocolHandler ["http-nio-8080"]
2025-04-17 16:03:37 [restartedMain] INFO  o.a.catalina.core.StandardService - Starting service [Tomcat]
2025-04-17 16:03:37 [restartedMain] INFO  o.a.catalina.core.StandardEngine - Starting Servlet engine: [Apache Tomcat/10.1.39]
2025-04-17 16:03:37 [restartedMain] INFO  o.a.c.c.C.[Tomcat].[localhost].[/] - Initializing Spring embedded WebApplicationContext
2025-04-17 16:03:37 [restartedMain] INFO  o.s.b.w.s.c.ServletWebServerApplicationContext - Root WebApplicationContext: initialization completed in 2375 ms
2025-04-17 16:03:37 [restartedMain] INFO  o.h.jpa.internal.util.LogHelper - HHH000204: Processing PersistenceUnitInfo [name: default]
2025-04-17 16:03:37 [restartedMain] INFO  org.hibernate.Version - HHH000412: Hibernate ORM core version 6.6.11.Final
2025-04-17 16:03:37 [restartedMain] INFO  o.h.c.i.RegionFactoryInitiator - HHH000026: Second-level cache disabled
2025-04-17 16:03:38 [restartedMain] INFO  o.s.o.j.p.SpringPersistenceUnitInfo - No LoadTimeWeaver setup: ignoring JPA class transformer
2025-04-17 16:03:38 [restartedMain] INFO  com.zaxxer.hikari.HikariDataSource - HikariPool-1 - Starting...
2025-04-17 16:03:39 [restartedMain] INFO  com.zaxxer.hikari.pool.HikariPool - HikariPool-1 - Added connection com.mysql.cj.jdbc.ConnectionImpl@4877e79c
2025-04-17 16:03:39 [restartedMain] INFO  com.zaxxer.hikari.HikariDataSource - HikariPool-1 - Start completed.
2025-04-17 16:03:39 [restartedMain] INFO  o.hibernate.orm.connections.pooling - HHH10001005: Database info:
	Database JDBC URL [Connecting through datasource 'HikariDataSource (HikariPool-1)']
	Database driver: undefined/unknown
	Database version: 8.0.41
	Autocommit mode: undefined/unknown
	Isolation level: undefined/unknown
	Minimum pool size: undefined/unknown
	Maximum pool size: undefined/unknown
2025-04-17 16:03:40 [restartedMain] INFO  o.h.e.t.j.p.i.JtaPlatformInitiator - HHH000489: No JTA platform available (set 'hibernate.transaction.jta.platform' to enable JTA platform integration)
2025-04-17 16:03:40 [restartedMain] INFO  o.s.o.j.LocalContainerEntityManagerFactoryBean - Initialized JPA EntityManagerFactory for persistence unit 'default'
2025-04-17 16:03:41 [restartedMain] WARN  o.s.b.a.o.j.JpaBaseConfiguration$JpaWebConfiguration - spring.jpa.open-in-view is enabled by default. Therefore, database queries may be performed during view rendering. Explicitly configure spring.jpa.open-in-view to disable this warning
2025-04-17 16:03:41 [restartedMain] INFO  o.s.v.b.OptionalValidatorFactoryBean - Failed to set up a Bean Validation provider: jakarta.validation.NoProviderFoundException: Unable to create a Configuration, because no Jakarta Bean Validation provider could be found. Add a provider like Hibernate Validator (RI) to your classpath.
2025-04-17 16:03:41 [restartedMain] WARN  o.s.b.d.a.OptionalLiveReloadServer - Unable to start LiveReload server
2025-04-17 16:03:41 [restartedMain] INFO  o.a.coyote.http11.Http11NioProtocol - Starting ProtocolHandler ["http-nio-8080"]
2025-04-17 16:03:41 [restartedMain] INFO  o.s.b.w.e.tomcat.TomcatWebServer - Tomcat started on port 8080 (http) with context path '/'
2025-04-17 16:03:41 [restartedMain] INFO  c.z.R.ReviewProcessorApplication - Started ReviewProcessorApplication in 7.559 seconds (process running for 8.238)
2025-04-17 16:03:41 [scheduling-1] INFO  c.z.R.Service.ReviewService - Scheduler triggered at: 2025-04-17T16:03:41.704219800
2025-04-17 16:04:02 [scheduling-1] INFO  c.z.R.Service.ReviewService - review already saved in database
2025-04-17 16:04:02 [scheduling-1] INFO  c.z.R.Service.ReviewService - review already saved in database
2025-04-17 16:04:02 [scheduling-1] INFO  c.z.R.Service.ReviewService - review already saved in database
2025-04-17 16:04:02 [scheduling-1] INFO  c.z.R.Service.ReviewService - review already saved in database
2025-04-17 16:04:02 [scheduling-1] INFO  c.z.R.Service.ReviewService - review already saved in database
2025-04-17 16:04:02 [scheduling-1] INFO  c.z.R.Service.ReviewService - review already saved in database
2025-04-17 16:04:02 [scheduling-1] INFO  c.z.R.Service.ReviewService - review already saved in database
2025-04-17 16:04:02 [scheduling-1] INFO  c.z.R.Service.ReviewService - review already saved in database
2025-04-17 16:04:02 [scheduling-1] INFO  c.z.R.Service.ReviewService - Fetched and saved reviews at : 2025-04-17T16:04:02.321978400
2025-04-17 16:04:20 [scheduling-1] INFO  c.z.R.Service.ReviewService - review already saved in database
2025-04-17 16:04:20 [scheduling-1] INFO  c.z.R.Service.ReviewService - review already saved in database
2025-04-17 16:04:20 [scheduling-1] INFO  c.z.R.Service.ReviewService - review already saved in database
2025-04-17 16:04:20 [scheduling-1] INFO  c.z.R.Service.ReviewService - review already saved in database
2025-04-17 16:04:20 [scheduling-1] INFO  c.z.R.Service.ReviewService - review already saved in database
2025-04-17 16:04:20 [scheduling-1] INFO  c.z.R.Service.ReviewService - review already saved in database
2025-04-17 16:04:20 [scheduling-1] INFO  c.z.R.Service.ReviewService - review already saved in database
2025-04-17 16:04:20 [scheduling-1] INFO  c.z.R.Service.ReviewService - review already saved in database
2025-04-17 16:04:20 [scheduling-1] INFO  c.z.R.Service.ReviewService - review already saved in database
2025-04-17 16:04:20 [scheduling-1] INFO  c.z.R.Service.ReviewService - review already saved in database
2025-04-17 16:04:20 [scheduling-1] INFO  c.z.R.Service.ReviewService - Fetched and saved reviews at : 2025-04-17T16:04:20.170534800
2025-04-17 16:04:50 [scheduling-1] INFO  c.z.R.Service.ReviewService - review already saved in database
2025-04-17 16:04:50 [scheduling-1] INFO  c.z.R.Service.ReviewService - review already saved in database
2025-04-17 16:04:50 [scheduling-1] INFO  c.z.R.Service.ReviewService - review already saved in database
2025-04-17 16:04:50 [scheduling-1] INFO  c.z.R.Service.ReviewService - review already saved in database
2025-04-17 16:04:50 [scheduling-1] INFO  c.z.R.Service.ReviewService - review already saved in database
2025-04-17 16:04:50 [scheduling-1] INFO  c.z.R.Service.ReviewService - review already saved in database
2025-04-17 16:04:50 [scheduling-1] INFO  c.z.R.Service.ReviewService - review already saved in database
2025-04-17 16:04:50 [scheduling-1] INFO  c.z.R.Service.ReviewService - review already saved in database
2025-04-17 16:04:50 [scheduling-1] INFO  c.z.R.Service.ReviewService - review already saved in database
2025-04-17 16:04:50 [scheduling-1] INFO  c.z.R.Service.ReviewService - review already saved in database
2025-04-17 16:04:50 [scheduling-1] INFO  c.z.R.Service.ReviewService - Fetched and saved reviews at : 2025-04-17T16:04:50.631964800
2025-04-17 16:05:30 [scheduling-1] INFO  c.z.R.Service.ReviewService - review already saved in database
2025-04-17 16:05:30 [scheduling-1] INFO  c.z.R.Service.ReviewService - review already saved in database
2025-04-17 16:05:30 [scheduling-1] INFO  c.z.R.Service.ReviewService - review already saved in database
2025-04-17 16:05:30 [scheduling-1] INFO  c.z.R.Service.ReviewService - review already saved in database
2025-04-17 16:05:30 [scheduling-1] INFO  c.z.R.Service.ReviewService - review already saved in database
2025-04-17 16:05:30 [scheduling-1] INFO  c.z.R.Service.ReviewService - review already saved in database
2025-04-17 16:05:30 [scheduling-1] INFO  c.z.R.Service.ReviewService - review already saved in database
2025-04-17 16:05:30 [scheduling-1] INFO  c.z.R.Service.ReviewService - review already saved in database
2025-04-17 16:05:30 [scheduling-1] INFO  c.z.R.Service.ReviewService - review already saved in database
2025-04-17 16:05:30 [scheduling-1] INFO  c.z.R.Service.ReviewService - review already saved in database
2025-04-17 16:05:30 [scheduling-1] INFO  c.z.R.Service.ReviewService - Fetched and saved reviews at : 2025-04-17T16:05:30.625509800
2025-04-17 16:05:42 [SpringApplicationShutdownHook] INFO  o.s.b.w.e.tomcat.GracefulShutdown - Commencing graceful shutdown. Waiting for active requests to complete
2025-04-17 16:05:42 [tomcat-shutdown] INFO  o.s.b.w.e.tomcat.GracefulShutdown - Graceful shutdown complete
2025-04-17 17:52:28 [restartedMain] INFO  c.z.R.ReviewProcessorApplication - Starting ReviewProcessorApplication using Java 23.0.1 with PID 33780 (C:\Users\ThirumaleshGajula\Downloads\ReviewProcessor\ReviewProcessor\target\classes started by ThirumaleshGajula in C:\Users\ThirumaleshGajula\Downloads\ReviewProcessor\ReviewProcessor)
2025-04-17 17:52:28 [restartedMain] INFO  c.z.R.ReviewProcessorApplication - No active profile set, falling back to 1 default profile: "default"
2025-04-17 17:52:28 [restartedMain] INFO  o.s.b.d.e.DevToolsPropertyDefaultsPostProcessor - Devtools property defaults active! Set 'spring.devtools.add-properties' to 'false' to disable
2025-04-17 17:52:28 [restartedMain] INFO  o.s.b.d.e.DevToolsPropertyDefaultsPostProcessor - For additional web related logging consider setting the 'logging.level.web' property to 'DEBUG'
2025-04-17 17:52:29 [restartedMain] INFO  o.s.d.r.c.RepositoryConfigurationDelegate - Bootstrapping Spring Data JPA repositories in DEFAULT mode.
2025-04-17 17:52:29 [restartedMain] INFO  o.s.d.r.c.RepositoryConfigurationDelegate - Finished Spring Data repository scanning in 71 ms. Found 1 JPA repository interface.
2025-04-17 17:52:30 [restartedMain] INFO  o.s.b.w.e.tomcat.TomcatWebServer - Tomcat initialized with port 8080 (http)
2025-04-17 17:52:30 [restartedMain] INFO  o.a.coyote.http11.Http11NioProtocol - Initializing ProtocolHandler ["http-nio-8080"]
2025-04-17 17:52:30 [restartedMain] INFO  o.a.catalina.core.StandardService - Starting service [Tomcat]
2025-04-17 17:52:30 [restartedMain] INFO  o.a.catalina.core.StandardEngine - Starting Servlet engine: [Apache Tomcat/10.1.39]
2025-04-17 17:52:30 [restartedMain] INFO  o.a.c.c.C.[Tomcat].[localhost].[/] - Initializing Spring embedded WebApplicationContext
2025-04-17 17:52:30 [restartedMain] INFO  o.s.b.w.s.c.ServletWebServerApplicationContext - Root WebApplicationContext: initialization completed in 1955 ms
2025-04-17 17:52:31 [restartedMain] INFO  o.h.jpa.internal.util.LogHelper - HHH000204: Processing PersistenceUnitInfo [name: default]
2025-04-17 17:52:31 [restartedMain] INFO  org.hibernate.Version - HHH000412: Hibernate ORM core version 6.6.11.Final
2025-04-17 17:52:31 [restartedMain] INFO  o.h.c.i.RegionFactoryInitiator - HHH000026: Second-level cache disabled
2025-04-17 17:52:31 [restartedMain] INFO  o.s.o.j.p.SpringPersistenceUnitInfo - No LoadTimeWeaver setup: ignoring JPA class transformer
2025-04-17 17:52:31 [restartedMain] INFO  com.zaxxer.hikari.HikariDataSource - HikariPool-1 - Starting...
2025-04-17 17:52:32 [restartedMain] INFO  com.zaxxer.hikari.pool.HikariPool - HikariPool-1 - Added connection com.mysql.cj.jdbc.ConnectionImpl@437d9f36
2025-04-17 17:52:32 [restartedMain] INFO  com.zaxxer.hikari.HikariDataSource - HikariPool-1 - Start completed.
2025-04-17 17:52:32 [restartedMain] INFO  o.hibernate.orm.connections.pooling - HHH10001005: Database info:
	Database JDBC URL [Connecting through datasource 'HikariDataSource (HikariPool-1)']
	Database driver: undefined/unknown
	Database version: 8.0.41
	Autocommit mode: undefined/unknown
	Isolation level: undefined/unknown
	Minimum pool size: undefined/unknown
	Maximum pool size: undefined/unknown
2025-04-17 17:52:33 [restartedMain] INFO  o.h.e.t.j.p.i.JtaPlatformInitiator - HHH000489: No JTA platform available (set 'hibernate.transaction.jta.platform' to enable JTA platform integration)
2025-04-17 17:52:33 [restartedMain] INFO  o.s.o.j.LocalContainerEntityManagerFactoryBean - Initialized JPA EntityManagerFactory for persistence unit 'default'
2025-04-17 17:52:34 [restartedMain] WARN  o.s.b.a.o.j.JpaBaseConfiguration$JpaWebConfiguration - spring.jpa.open-in-view is enabled by default. Therefore, database queries may be performed during view rendering. Explicitly configure spring.jpa.open-in-view to disable this warning
2025-04-17 17:52:34 [restartedMain] INFO  o.s.v.b.OptionalValidatorFactoryBean - Failed to set up a Bean Validation provider: jakarta.validation.NoProviderFoundException: Unable to create a Configuration, because no Jakarta Bean Validation provider could be found. Add a provider like Hibernate Validator (RI) to your classpath.
2025-04-17 17:52:34 [restartedMain] WARN  o.s.b.d.a.OptionalLiveReloadServer - Unable to start LiveReload server
2025-04-17 17:52:34 [restartedMain] INFO  o.a.coyote.http11.Http11NioProtocol - Starting ProtocolHandler ["http-nio-8080"]
2025-04-17 17:52:34 [restartedMain] INFO  o.s.b.w.e.tomcat.TomcatWebServer - Tomcat started on port 8080 (http) with context path '/'
2025-04-17 17:52:34 [restartedMain] INFO  c.z.R.ReviewProcessorApplication - Started ReviewProcessorApplication in 6.646 seconds (process running for 7.41)
2025-04-17 17:52:34 [scheduling-1] INFO  c.z.R.Service.ReviewService - Scheduler triggered at: 2025-04-17T17:52:34.684418900
2025-04-17 17:52:50 [http-nio-8080-exec-1] INFO  o.a.c.c.C.[Tomcat].[localhost].[/] - Initializing Spring DispatcherServlet 'dispatcherServlet'
2025-04-17 17:52:50 [http-nio-8080-exec-1] INFO  o.s.web.servlet.DispatcherServlet - Initializing Servlet 'dispatcherServlet'
2025-04-17 17:52:50 [http-nio-8080-exec-1] INFO  o.s.web.servlet.DispatcherServlet - Completed initialization in 3 ms
2025-04-17 17:52:54 [scheduling-1] INFO  c.z.R.Service.ReviewService - review already saved in database
2025-04-17 17:52:54 [scheduling-1] INFO  c.z.R.Service.ReviewService - review already saved in database
2025-04-17 17:52:54 [scheduling-1] INFO  c.z.R.Service.ReviewService - review already saved in database
2025-04-17 17:52:54 [scheduling-1] INFO  c.z.R.Service.ReviewService - review already saved in database
2025-04-17 17:52:55 [scheduling-1] INFO  c.z.R.Service.ReviewService - review already saved in database
2025-04-17 17:52:55 [scheduling-1] INFO  c.z.R.Service.ReviewService - review already saved in database
2025-04-17 17:52:55 [scheduling-1] INFO  c.z.R.Service.ReviewService - review already saved in database
2025-04-17 17:52:55 [scheduling-1] INFO  c.z.R.Service.ReviewService - review already saved in database
2025-04-17 17:52:55 [scheduling-1] INFO  c.z.R.Service.ReviewService - Fetched and saved reviews at : 2025-04-17T17:52:55.034718
2025-04-17 17:53:11 [SpringApplicationShutdownHook] INFO  o.s.b.w.e.tomcat.GracefulShutdown - Commencing graceful shutdown. Waiting for active requests to complete
2025-04-17 17:53:12 [tomcat-shutdown] INFO  o.s.b.w.e.tomcat.GracefulShutdown - Graceful shutdown complete
